  boss.cpp
  collision_all.cpp
  game.cpp
  inh_player_arm_both.cpp
  inh_stage.cpp
  management_enemy_gatoring.cpp
  management_enemy_grenade.cpp
  management_enemy_missile.cpp
  player_arm_1.cpp
  player_arm_change.cpp
  player_center.cpp
  player_hp.cpp
C:\Users\mizuk\source\repos\MizukiTakanashi\Hew\DX21_default_class2\collision_all.cpp(1,1): warning C4819: ファイルは、現在のコード ページ (932) で表示できない文字を含んでいます。データの損失を防ぐために、ファイルを Unicode 形式で保存してください。
C:\Users\mizuk\source\repos\MizukiTakanashi\Hew\DX21_default_class2\management_enemy_missile.cpp(1,1): warning C4819: ファイルは、現在のコード ページ (932) で表示できない文字を含んでいます。データの損失を防ぐために、ファイルを Unicode 形式で保存してください。
C:\Users\mizuk\source\repos\MizukiTakanashi\Hew\DX21_default_class2\management_enemy_gatoring.cpp(1,1): warning C4819: ファイルは、現在のコード ページ (932) で表示できない文字を含んでいます。データの損失を防ぐために、ファイルを Unicode 形式で保存してください。
C:\Users\mizuk\source\repos\MizukiTakanashi\Hew\DX21_default_class2\inh_stage.cpp(1,1): warning C4819: ファイルは、現在のコード ページ (932) で表示できない文字を含んでいます。データの損失を防ぐために、ファイルを Unicode 形式で保存してください。
C:\Users\mizuk\source\repos\MizukiTakanashi\Hew\DX21_default_class2\game.cpp(1,1): warning C4819: ファイルは、現在のコード ページ (932) で表示できない文字を含んでいます。データの損失を防ぐために、ファイルを Unicode 形式で保存してください。
C:\Users\mizuk\source\repos\MizukiTakanashi\Hew\DX21_default_class2\inh_player_arm_both.h(1,1): warning C4819: ファイルは、現在のコード ページ (932) で表示できない文字を含んでいます。データの損失を防ぐために、ファイルを Unicode 形式で保存してください。 (ソース ファイルをコンパイルしています inh_player_arm_both.cpp)
C:\Users\mizuk\source\repos\MizukiTakanashi\Hew\DX21_default_class2\inh_player_arm.h(1,1): warning C4819: ファイルは、現在のコード ページ (932) で表示できない文字を含んでいます。データの損失を防ぐために、ファイルを Unicode 形式で保存してください。 (ソース ファイルをコンパイルしています player_arm_1.cpp)
C:\Users\mizuk\source\repos\MizukiTakanashi\Hew\DX21_default_class2\inh_player_arm_both.h(1,1): warning C4819: ファイルは、現在のコード ページ (932) で表示できない文字を含んでいます。データの損失を防ぐために、ファイルを Unicode 形式で保存してください。 (ソース ファイルをコンパイルしています player_center.cpp)
C:\Users\mizuk\source\repos\MizukiTakanashi\Hew\DX21_default_class2\inh_player_arm_both.h(1,1): warning C4819: ファイルは、現在のコード ページ (932) で表示できない文字を含んでいます。データの損失を防ぐために、ファイルを Unicode 形式で保存してください。 (ソース ファイルをコンパイルしています player_arm_change.cpp)
C:\Users\mizuk\source\repos\MizukiTakanashi\Hew\DX21_default_class2\inh_enemy.h(1,1): warning C4819: ファイルは、現在のコード ページ (932) で表示できない文字を含んでいます。データの損失を防ぐために、ファイルを Unicode 形式で保存してください。 (ソース ファイルをコンパイルしています boss.cpp)
C:\Users\mizuk\source\repos\MizukiTakanashi\Hew\DX21_default_class2\inh_player_arm_both.h(1,1): warning C4819: ファイルは、現在のコード ページ (932) で表示できない文字を含んでいます。データの損失を防ぐために、ファイルを Unicode 形式で保存してください。 (ソース ファイルをコンパイルしています boss.cpp)
C:\Users\mizuk\source\repos\MizukiTakanashi\Hew\DX21_default_class2\inh_player_arm.h(1,1): warning C4819: ファイルは、現在のコード ページ (932) で表示できない文字を含んでいます。データの損失を防ぐために、ファイルを Unicode 形式で保存してください。 (ソース ファイルをコンパイルしています boss.cpp)
C:\Users\mizuk\source\repos\MizukiTakanashi\Hew\DX21_default_class2\management_enemy.h(1,1): warning C4819: ファイルは、現在のコード ページ (932) で表示できない文字を含んでいます。データの損失を防ぐために、ファイルを Unicode 形式で保存してください。 (ソース ファイルをコンパイルしています management_enemy_grenade.cpp)
C:\Users\mizuk\source\repos\MizukiTakanashi\Hew\DX21_default_class2\management_item.h(1,1): warning C4819: ファイルは、現在のコード ページ (932) で表示できない文字を含んでいます。データの損失を防ぐために、ファイルを Unicode 形式で保存してください。 (ソース ファイルをコンパイルしています boss.cpp)
C:\Users\mizuk\source\repos\MizukiTakanashi\Hew\DX21_default_class2\item_p.h(1,1): warning C4819: ファイルは、現在のコード ページ (932) で表示できない文字を含んでいます。データの損失を防ぐために、ファイルを Unicode 形式で保存してください。 (ソース ファイルをコンパイルしています boss.cpp)
C:\Users\mizuk\source\repos\MizukiTakanashi\Hew\DX21_default_class2\inh_enemy.h(1,1): warning C4819: ファイルは、現在のコード ページ (932) で表示できない文字を含んでいます。データの損失を防ぐために、ファイルを Unicode 形式で保存してください。 (ソース ファイルをコンパイルしています management_enemy_grenade.cpp)
C:\Users\mizuk\source\repos\MizukiTakanashi\Hew\DX21_default_class2\management_enemy.h(1,1): warning C4819: ファイルは、現在のコード ページ (932) で表示できない文字を含んでいます。データの損失を防ぐために、ファイルを Unicode 形式で保存してください。 (ソース ファイルをコンパイルしています management_enemy_missile.cpp)
C:\Users\mizuk\source\repos\MizukiTakanashi\Hew\DX21_default_class2\inh_enemy.h(1,1): warning C4819: ファイルは、現在のコード ページ (932) で表示できない文字を含んでいます。データの損失を防ぐために、ファイルを Unicode 形式で保存してください。 (ソース ファイルをコンパイルしています management_enemy_missile.cpp)
C:\Users\mizuk\source\repos\MizukiTakanashi\Hew\DX21_default_class2\inh_player_arm.h(1,1): warning C4819: ファイルは、現在のコード ページ (932) で表示できない文字を含んでいます。データの損失を防ぐために、ファイルを Unicode 形式で保存してください。 (ソース ファイルをコンパイルしています player_arm_change.cpp)
C:\Users\mizuk\source\repos\MizukiTakanashi\Hew\DX21_default_class2\inh_player_arm.h(1,1): warning C4819: ファイルは、現在のコード ページ (932) で表示できない文字を含んでいます。データの損失を防ぐために、ファイルを Unicode 形式で保存してください。 (ソース ファイルをコンパイルしています player_center.cpp)
C:\Users\mizuk\source\repos\MizukiTakanashi\Hew\DX21_default_class2\inh_player_arm_both.h(1,1): warning C4819: ファイルは、現在のコード ページ (932) で表示できない文字を含んでいます。データの損失を防ぐために、ファイルを Unicode 形式で保存してください。 (ソース ファイルをコンパイルしています game.cpp)
C:\Users\mizuk\source\repos\MizukiTakanashi\Hew\DX21_default_class2\inh_player_arm.h(1,1): warning C4819: ファイルは、現在のコード ページ (932) で表示できない文字を含んでいます。データの損失を防ぐために、ファイルを Unicode 形式で保存してください。 (ソース ファイルをコンパイルしています game.cpp)
  player_left.cpp
C:\Users\mizuk\source\repos\MizukiTakanashi\Hew\DX21_default_class2\management_enemy.h(1,1): warning C4819: ファイルは、現在のコード ページ (932) で表示できない文字を含んでいます。データの損失を防ぐために、ファイルを Unicode 形式で保存してください。 (ソース ファイルをコンパイルしています collision_all.cpp)
C:\Users\mizuk\source\repos\MizukiTakanashi\Hew\DX21_default_class2\inh_player_arm_both.h(1,1): warning C4819: ファイルは、現在のコード ページ (932) で表示できない文字を含んでいます。データの損失を防ぐために、ファイルを Unicode 形式で保存してください。 (ソース ファイルをコンパイルしています player_hp.cpp)
C:\Users\mizuk\source\repos\MizukiTakanashi\Hew\DX21_default_class2\inh_player_arm.h(1,1): warning C4819: ファイルは、現在のコード ページ (932) で表示できない文字を含んでいます。データの損失を防ぐために、ファイルを Unicode 形式で保存してください。 (ソース ファイルをコンパイルしています player_hp.cpp)
C:\Users\mizuk\source\repos\MizukiTakanashi\Hew\DX21_default_class2\management_item.h(1,1): warning C4819: ファイルは、現在のコード ページ (932) で表示できない文字を含んでいます。データの損失を防ぐために、ファイルを Unicode 形式で保存してください。 (ソース ファイルをコンパイルしています game.cpp)
C:\Users\mizuk\source\repos\MizukiTakanashi\Hew\DX21_default_class2\item_p.h(1,1): warning C4819: ファイルは、現在のコード ページ (932) で表示できない文字を含んでいます。データの損失を防ぐために、ファイルを Unicode 形式で保存してください。 (ソース ファイルをコンパイルしています game.cpp)
C:\Users\mizuk\source\repos\MizukiTakanashi\Hew\DX21_default_class2\inh_player_arm_both.h(1,1): warning C4819: ファイルは、現在のコード ページ (932) で表示できない文字を含んでいます。データの損失を防ぐために、ファイルを Unicode 形式で保存してください。 (ソース ファイルをコンパイルしています collision_all.cpp)
C:\Users\mizuk\source\repos\MizukiTakanashi\Hew\DX21_default_class2\inh_player_arm.h(1,1): warning C4819: ファイルは、現在のコード ページ (932) で表示できない文字を含んでいます。データの損失を防ぐために、ファイルを Unicode 形式で保存してください。 (ソース ファイルをコンパイルしています collision_all.cpp)
C:\Users\mizuk\source\repos\MizukiTakanashi\Hew\DX21_default_class2\inh_enemy.h(1,1): warning C4819: ファイルは、現在のコード ページ (932) で表示できない文字を含んでいます。データの損失を防ぐために、ファイルを Unicode 形式で保存してください。 (ソース ファイルをコンパイルしています game.cpp)
C:\Users\mizuk\source\repos\MizukiTakanashi\Hew\DX21_default_class2\management_item.h(1,1): warning C4819: ファイルは、現在のコード ページ (932) で表示できない文字を含んでいます。データの損失を防ぐために、ファイルを Unicode 形式で保存してください。 (ソース ファイルをコンパイルしています player_hp.cpp)
C:\Users\mizuk\source\repos\MizukiTakanashi\Hew\DX21_default_class2\item_p.h(1,1): warning C4819: ファイルは、現在のコード ページ (932) で表示できない文字を含んでいます。データの損失を防ぐために、ファイルを Unicode 形式で保存してください。 (ソース ファイルをコンパイルしています player_hp.cpp)
C:\Users\mizuk\source\repos\MizukiTakanashi\Hew\DX21_default_class2\management_item.h(1,1): warning C4819: ファイルは、現在のコード ページ (932) で表示できない文字を含んでいます。データの損失を防ぐために、ファイルを Unicode 形式で保存してください。 (ソース ファイルをコンパイルしています collision_all.cpp)
C:\Users\mizuk\source\repos\MizukiTakanashi\Hew\DX21_default_class2\item_p.h(1,1): warning C4819: ファイルは、現在のコード ページ (932) で表示できない文字を含んでいます。データの損失を防ぐために、ファイルを Unicode 形式で保存してください。 (ソース ファイルをコンパイルしています collision_all.cpp)
C:\Users\mizuk\source\repos\MizukiTakanashi\Hew\DX21_default_class2\management_enemy.h(1,1): warning C4819: ファイルは、現在のコード ページ (932) で表示できない文字を含んでいます。データの損失を防ぐために、ファイルを Unicode 形式で保存してください。 (ソース ファイルをコンパイルしています game.cpp)
C:\Users\mizuk\source\repos\MizukiTakanashi\Hew\DX21_default_class2\inh_enemy.h(1,1): warning C4819: ファイルは、現在のコード ページ (932) で表示できない文字を含んでいます。データの損失を防ぐために、ファイルを Unicode 形式で保存してください。 (ソース ファイルをコンパイルしています player_hp.cpp)
C:\Users\mizuk\source\repos\MizukiTakanashi\Hew\DX21_default_class2\inh_enemy.h(1,1): warning C4819: ファイルは、現在のコード ページ (932) で表示できない文字を含んでいます。データの損失を防ぐために、ファイルを Unicode 形式で保存してください。 (ソース ファイルをコンパイルしています collision_all.cpp)
C:\Users\mizuk\source\repos\MizukiTakanashi\Hew\DX21_default_class2\management_enemy.h(1,1): warning C4819: ファイルは、現在のコード ページ (932) で表示できない文字を含んでいます。データの損失を防ぐために、ファイルを Unicode 形式で保存してください。 (ソース ファイルをコンパイルしています management_enemy_gatoring.cpp)
C:\Users\mizuk\source\repos\MizukiTakanashi\Hew\DX21_default_class2\inh_player_arm_both.h(1,1): warning C4819: ファイルは、現在のコード ページ (932) で表示できない文字を含んでいます。データの損失を防ぐために、ファイルを Unicode 形式で保存してください。 (ソース ファイルをコンパイルしています player_left.cpp)
  player_right.cpp
C:\Users\mizuk\source\repos\MizukiTakanashi\Hew\DX21_default_class2\inh_enemy.h(1,1): warning C4819: ファイルは、現在のコード ページ (932) で表示できない文字を含んでいます。データの損失を防ぐために、ファイルを Unicode 形式で保存してください。 (ソース ファイルをコンパイルしています management_enemy_gatoring.cpp)
C:\Users\mizuk\source\repos\MizukiTakanashi\Hew\DX21_default_class2\player_arm_1.cpp(90,64): warning C4244: '=': 'double' から 'float' への変換です。データが失われる可能性があります。
C:\Users\mizuk\source\repos\MizukiTakanashi\Hew\DX21_default_class2\management_enemy_missile.cpp(72,18): warning C4244: '初期化中': 'double' から 'float' への変換です。データが失われる可能性があります。
C:\Users\mizuk\source\repos\MizukiTakanashi\Hew\DX21_default_class2\management_enemy.h(1,1): warning C4819: ファイルは、現在のコード ページ (932) で表示できない文字を含んでいます。データの損失を防ぐために、ファイルを Unicode 形式で保存してください。 (ソース ファイルをコンパイルしています player_hp.cpp)
C:\Users\mizuk\source\repos\MizukiTakanashi\Hew\DX21_default_class2\inh_player_arm_both.h(1,1): warning C4819: ファイルは、現在のコード ページ (932) で表示できない文字を含んでいます。データの損失を防ぐために、ファイルを Unicode 形式で保存してください。 (ソース ファイルをコンパイルしています inh_stage.cpp)
C:\Users\mizuk\source\repos\MizukiTakanashi\Hew\DX21_default_class2\inh_player_arm.h(1,1): warning C4819: ファイルは、現在のコード ページ (932) で表示できない文字を含んでいます。データの損失を防ぐために、ファイルを Unicode 形式で保存してください。 (ソース ファイルをコンパイルしています inh_stage.cpp)
C:\Users\mizuk\source\repos\MizukiTakanashi\Hew\DX21_default_class2\inh_player_arm.h(1,1): warning C4819: ファイルは、現在のコード ページ (932) で表示できない文字を含んでいます。データの損失を防ぐために、ファイルを Unicode 形式で保存してください。 (ソース ファイルをコンパイルしています inh_player_arm_both.cpp)
C:\Users\mizuk\source\repos\MizukiTakanashi\Hew\DX21_default_class2\management_item.h(1,1): warning C4819: ファイルは、現在のコード ページ (932) で表示できない文字を含んでいます。データの損失を防ぐために、ファイルを Unicode 形式で保存してください。 (ソース ファイルをコンパイルしています inh_stage.cpp)
C:\Users\mizuk\source\repos\MizukiTakanashi\Hew\DX21_default_class2\item_p.h(1,1): warning C4819: ファイルは、現在のコード ページ (932) で表示できない文字を含んでいます。データの損失を防ぐために、ファイルを Unicode 形式で保存してください。 (ソース ファイルをコンパイルしています inh_stage.cpp)
C:\Users\mizuk\source\repos\MizukiTakanashi\Hew\DX21_default_class2\management_enemy_laser.h(1,1): warning C4819: ファイルは、現在のコード ページ (932) で表示できない文字を含んでいます。データの損失を防ぐために、ファイルを Unicode 形式で保存してください。 (ソース ファイルをコンパイルしています game.cpp)
C:\Users\mizuk\source\repos\MizukiTakanashi\Hew\DX21_default_class2\enemy_laser.h(1,1): warning C4819: ファイルは、現在のコード ページ (932) で表示できない文字を含んでいます。データの損失を防ぐために、ファイルを Unicode 形式で保存してください。 (ソース ファイルをコンパイルしています game.cpp)
C:\Users\mizuk\source\repos\MizukiTakanashi\Hew\DX21_default_class2\inh_enemy.h(1,1): warning C4819: ファイルは、現在のコード ページ (932) で表示できない文字を含んでいます。データの損失を防ぐために、ファイルを Unicode 形式で保存してください。 (ソース ファイルをコンパイルしています inh_stage.cpp)
C:\Users\mizuk\source\repos\MizukiTakanashi\Hew\DX21_default_class2\collision_all.cpp(958,1): warning C4819: ファイルは、現在のコード ページ (932) で表示できない文字を含んでいます。データの損失を防ぐために、ファイルを Unicode 形式で保存してください。
  scene.cpp
C:\Users\mizuk\source\repos\MizukiTakanashi\Hew\DX21_default_class2\inh_player_arm_both.h(1,1): warning C4819: ファイルは、現在のコード ページ (932) で表示できない文字を含んでいます。データの損失を防ぐために、ファイルを Unicode 形式で保存してください。 (ソース ファイルをコンパイルしています player_right.cpp)
C:\Users\mizuk\source\repos\MizukiTakanashi\Hew\DX21_default_class2\management_enemy_laser.h(1,1): warning C4819: ファイルは、現在のコード ページ (932) で表示できない文字を含んでいます。データの損失を防ぐために、ファイルを Unicode 形式で保存してください。 (ソース ファイルをコンパイルしています player_hp.cpp)
C:\Users\mizuk\source\repos\MizukiTakanashi\Hew\DX21_default_class2\enemy_laser.h(1,1): warning C4819: ファイルは、現在のコード ページ (932) で表示できない文字を含んでいます。データの損失を防ぐために、ファイルを Unicode 形式で保存してください。 (ソース ファイルをコンパイルしています player_hp.cpp)
  stage_jupiter.cpp
C:\Users\mizuk\source\repos\MizukiTakanashi\Hew\DX21_default_class2\player_arm_3.h(1,1): warning C4819: ファイルは、現在のコード ページ (932) で表示できない文字を含んでいます。データの損失を防ぐために、ファイルを Unicode 形式で保存してください。 (ソース ファイルをコンパイルしています inh_player_arm_both.cpp)
  stage_mars.cpp
  stage_mercury.cpp
  stage_saturn.cpp
  stage_venus.cpp
  text_management.cpp
C:\Users\mizuk\source\repos\MizukiTakanashi\Hew\DX21_default_class2\stage_mercury.h(1,1): warning C4819: ファイルは、現在のコード ページ (932) で表示できない文字を含んでいます。データの損失を防ぐために、ファイルを Unicode 形式で保存してください。 (ソース ファイルをコンパイルしています stage_mercury.cpp)
C:\Users\mizuk\source\repos\MizukiTakanashi\Hew\DX21_default_class2\stage_saturn.cpp(1,1): warning C4819: ファイルは、現在のコード ページ (932) で表示できない文字を含んでいます。データの損失を防ぐために、ファイルを Unicode 形式で保存してください。
C:\Users\mizuk\source\repos\MizukiTakanashi\Hew\DX21_default_class2\stage_venus.cpp(1,1): warning C4819: ファイルは、現在のコード ページ (932) で表示できない文字を含んでいます。データの損失を防ぐために、ファイルを Unicode 形式で保存してください。
C:\Users\mizuk\source\repos\MizukiTakanashi\Hew\DX21_default_class2\inh_player_arm.h(1,1): warning C4819: ファイルは、現在のコード ページ (932) で表示できない文字を含んでいます。データの損失を防ぐために、ファイルを Unicode 形式で保存してください。 (ソース ファイルをコンパイルしています player_left.cpp)
C:\Users\mizuk\source\repos\MizukiTakanashi\Hew\DX21_default_class2\inh_player_arm.h(1,1): warning C4819: ファイルは、現在のコード ページ (932) で表示できない文字を含んでいます。データの損失を防ぐために、ファイルを Unicode 形式で保存してください。 (ソース ファイルをコンパイルしています player_right.cpp)
C:\Users\mizuk\source\repos\MizukiTakanashi\Hew\DX21_default_class2\inh_player_arm_both.h(1,1): warning C4819: ファイルは、現在のコード ページ (932) で表示できない文字を含んでいます。データの損失を防ぐために、ファイルを Unicode 形式で保存してください。 (ソース ファイルをコンパイルしています scene.cpp)
C:\Users\mizuk\source\repos\MizukiTakanashi\Hew\DX21_default_class2\inh_player_arm.h(1,1): warning C4819: ファイルは、現在のコード ページ (932) で表示できない文字を含んでいます。データの損失を防ぐために、ファイルを Unicode 形式で保存してください。 (ソース ファイルをコンパイルしています scene.cpp)
C:\Users\mizuk\source\repos\MizukiTakanashi\Hew\DX21_default_class2\management_item.h(1,1): warning C4819: ファイルは、現在のコード ページ (932) で表示できない文字を含んでいます。データの損失を防ぐために、ファイルを Unicode 形式で保存してください。 (ソース ファイルをコンパイルしています scene.cpp)
C:\Users\mizuk\source\repos\MizukiTakanashi\Hew\DX21_default_class2\item_p.h(1,1): warning C4819: ファイルは、現在のコード ページ (932) で表示できない文字を含んでいます。データの損失を防ぐために、ファイルを Unicode 形式で保存してください。 (ソース ファイルをコンパイルしています scene.cpp)
C:\Users\mizuk\source\repos\MizukiTakanashi\Hew\DX21_default_class2\inh_enemy.h(1,1): warning C4819: ファイルは、現在のコード ページ (932) で表示できない文字を含んでいます。データの損失を防ぐために、ファイルを Unicode 形式で保存してください。 (ソース ファイルをコンパイルしています scene.cpp)
C:\Users\mizuk\source\repos\MizukiTakanashi\Hew\DX21_default_class2\management_enemy.h(1,1): warning C4819: ファイルは、現在のコード ページ (932) で表示できない文字を含んでいます。データの損失を防ぐために、ファイルを Unicode 形式で保存してください。 (ソース ファイルをコンパイルしています scene.cpp)
C:\Users\mizuk\source\repos\MizukiTakanashi\Hew\DX21_default_class2\inh_player_arm_both.h(1,1): warning C4819: ファイルは、現在のコード ページ (932) で表示できない文字を含んでいます。データの損失を防ぐために、ファイルを Unicode 形式で保存してください。 (ソース ファイルをコンパイルしています stage_mercury.cpp)
C:\Users\mizuk\source\repos\MizukiTakanashi\Hew\DX21_default_class2\inh_player_arm.h(1,1): warning C4819: ファイルは、現在のコード ページ (932) で表示できない文字を含んでいます。データの損失を防ぐために、ファイルを Unicode 形式で保存してください。 (ソース ファイルをコンパイルしています stage_mercury.cpp)
C:\Users\mizuk\source\repos\MizukiTakanashi\Hew\DX21_default_class2\management_item.h(1,1): warning C4819: ファイルは、現在のコード ページ (932) で表示できない文字を含んでいます。データの損失を防ぐために、ファイルを Unicode 形式で保存してください。 (ソース ファイルをコンパイルしています stage_mercury.cpp)
C:\Users\mizuk\source\repos\MizukiTakanashi\Hew\DX21_default_class2\item_p.h(1,1): warning C4819: ファイルは、現在のコード ページ (932) で表示できない文字を含んでいます。データの損失を防ぐために、ファイルを Unicode 形式で保存してください。 (ソース ファイルをコンパイルしています stage_mercury.cpp)
C:\Users\mizuk\source\repos\MizukiTakanashi\Hew\DX21_default_class2\inh_enemy.h(1,1): warning C4819: ファイルは、現在のコード ページ (932) で表示できない文字を含んでいます。データの損失を防ぐために、ファイルを Unicode 形式で保存してください。 (ソース ファイルをコンパイルしています stage_mercury.cpp)
C:\Users\mizuk\source\repos\MizukiTakanashi\Hew\DX21_default_class2\management_enemy_laser.h(1,1): warning C4819: ファイルは、現在のコード ページ (932) で表示できない文字を含んでいます。データの損失を防ぐために、ファイルを Unicode 形式で保存してください。 (ソース ファイルをコンパイルしています stage_mercury.cpp)
C:\Users\mizuk\source\repos\MizukiTakanashi\Hew\DX21_default_class2\management_enemy.h(1,1): warning C4819: ファイルは、現在のコード ページ (932) で表示できない文字を含んでいます。データの損失を防ぐために、ファイルを Unicode 形式で保存してください。 (ソース ファイルをコンパイルしています stage_mercury.cpp)
C:\Users\mizuk\source\repos\MizukiTakanashi\Hew\DX21_default_class2\inh_player_arm_both.h(1,1): warning C4819: ファイルは、現在のコード ページ (932) で表示できない文字を含んでいます。データの損失を防ぐために、ファイルを Unicode 形式で保存してください。 (ソース ファイルをコンパイルしています stage_venus.cpp)
C:\Users\mizuk\source\repos\MizukiTakanashi\Hew\DX21_default_class2\inh_player_arm.h(1,1): warning C4819: ファイルは、現在のコード ページ (932) で表示できない文字を含んでいます。データの損失を防ぐために、ファイルを Unicode 形式で保存してください。 (ソース ファイルをコンパイルしています stage_venus.cpp)
C:\Users\mizuk\source\repos\MizukiTakanashi\Hew\DX21_default_class2\enemy_laser.h(1,1): warning C4819: ファイルは、現在のコード ページ (932) で表示できない文字を含んでいます。データの損失を防ぐために、ファイルを Unicode 形式で保存してください。 (ソース ファイルをコンパイルしています stage_mercury.cpp)
C:\Users\mizuk\source\repos\MizukiTakanashi\Hew\DX21_default_class2\inh_player_arm_both.h(1,1): warning C4819: ファイルは、現在のコード ページ (932) で表示できない文字を含んでいます。データの損失を防ぐために、ファイルを Unicode 形式で保存してください。 (ソース ファイルをコンパイルしています stage_saturn.cpp)
C:\Users\mizuk\source\repos\MizukiTakanashi\Hew\DX21_default_class2\inh_player_arm.h(1,1): warning C4819: ファイルは、現在のコード ページ (932) で表示できない文字を含んでいます。データの損失を防ぐために、ファイルを Unicode 形式で保存してください。 (ソース ファイルをコンパイルしています stage_saturn.cpp)
C:\Users\mizuk\source\repos\MizukiTakanashi\Hew\DX21_default_class2\management_enemy_laser.h(1,1): warning C4819: ファイルは、現在のコード ページ (932) で表示できない文字を含んでいます。データの損失を防ぐために、ファイルを Unicode 形式で保存してください。 (ソース ファイルをコンパイルしています scene.cpp)
C:\Users\mizuk\source\repos\MizukiTakanashi\Hew\DX21_default_class2\enemy_laser.h(1,1): warning C4819: ファイルは、現在のコード ページ (932) で表示できない文字を含んでいます。データの損失を防ぐために、ファイルを Unicode 形式で保存してください。 (ソース ファイルをコンパイルしています scene.cpp)
C:\Users\mizuk\source\repos\MizukiTakanashi\Hew\DX21_default_class2\management_item.h(1,1): warning C4819: ファイルは、現在のコード ページ (932) で表示できない文字を含んでいます。データの損失を防ぐために、ファイルを Unicode 形式で保存してください。 (ソース ファイルをコンパイルしています stage_venus.cpp)
C:\Users\mizuk\source\repos\MizukiTakanashi\Hew\DX21_default_class2\item_p.h(1,1): warning C4819: ファイルは、現在のコード ページ (932) で表示できない文字を含んでいます。データの損失を防ぐために、ファイルを Unicode 形式で保存してください。 (ソース ファイルをコンパイルしています stage_venus.cpp)
C:\Users\mizuk\source\repos\MizukiTakanashi\Hew\DX21_default_class2\inh_enemy.h(1,1): warning C4819: ファイルは、現在のコード ページ (932) で表示できない文字を含んでいます。データの損失を防ぐために、ファイルを Unicode 形式で保存してください。 (ソース ファイルをコンパイルしています stage_venus.cpp)
C:\Users\mizuk\source\repos\MizukiTakanashi\Hew\DX21_default_class2\management_item.h(1,1): warning C4819: ファイルは、現在のコード ページ (932) で表示できない文字を含んでいます。データの損失を防ぐために、ファイルを Unicode 形式で保存してください。 (ソース ファイルをコンパイルしています stage_saturn.cpp)
C:\Users\mizuk\source\repos\MizukiTakanashi\Hew\DX21_default_class2\item_p.h(1,1): warning C4819: ファイルは、現在のコード ページ (932) で表示できない文字を含んでいます。データの損失を防ぐために、ファイルを Unicode 形式で保存してください。 (ソース ファイルをコンパイルしています stage_saturn.cpp)
C:\Users\mizuk\source\repos\MizukiTakanashi\Hew\DX21_default_class2\inh_enemy.h(1,1): warning C4819: ファイルは、現在のコード ページ (932) で表示できない文字を含んでいます。データの損失を防ぐために、ファイルを Unicode 形式で保存してください。 (ソース ファイルをコンパイルしています stage_saturn.cpp)
C:\Users\mizuk\source\repos\MizukiTakanashi\Hew\DX21_default_class2\inh_player_arm_both.h(1,1): warning C4819: ファイルは、現在のコード ページ (932) で表示できない文字を含んでいます。データの損失を防ぐために、ファイルを Unicode 形式で保存してください。 (ソース ファイルをコンパイルしています stage_jupiter.cpp)
C:\Users\mizuk\source\repos\MizukiTakanashi\Hew\DX21_default_class2\inh_player_arm.h(1,1): warning C4819: ファイルは、現在のコード ページ (932) で表示できない文字を含んでいます。データの損失を防ぐために、ファイルを Unicode 形式で保存してください。 (ソース ファイルをコンパイルしています stage_jupiter.cpp)
C:\Users\mizuk\source\repos\MizukiTakanashi\Hew\DX21_default_class2\management_enemy.h(1,1): warning C4819: ファイルは、現在のコード ページ (932) で表示できない文字を含んでいます。データの損失を防ぐために、ファイルを Unicode 形式で保存してください。 (ソース ファイルをコンパイルしています stage_venus.cpp)
C:\Users\mizuk\source\repos\MizukiTakanashi\Hew\DX21_default_class2\inh_player_arm_both.h(1,1): warning C4819: ファイルは、現在のコード ページ (932) で表示できない文字を含んでいます。データの損失を防ぐために、ファイルを Unicode 形式で保存してください。 (ソース ファイルをコンパイルしています stage_mars.cpp)
C:\Users\mizuk\source\repos\MizukiTakanashi\Hew\DX21_default_class2\inh_player_arm.h(1,1): warning C4819: ファイルは、現在のコード ページ (932) で表示できない文字を含んでいます。データの損失を防ぐために、ファイルを Unicode 形式で保存してください。 (ソース ファイルをコンパイルしています stage_mars.cpp)
C:\Users\mizuk\source\repos\MizukiTakanashi\Hew\DX21_default_class2\management_enemy.h(1,1): warning C4819: ファイルは、現在のコード ページ (932) で表示できない文字を含んでいます。データの損失を防ぐために、ファイルを Unicode 形式で保存してください。 (ソース ファイルをコンパイルしています stage_saturn.cpp)
C:\Users\mizuk\source\repos\MizukiTakanashi\Hew\DX21_default_class2\stage_mercury.h(1,1): warning C4819: ファイルは、現在のコード ページ (932) で表示できない文字を含んでいます。データの損失を防ぐために、ファイルを Unicode 形式で保存してください。 (ソース ファイルをコンパイルしています scene.cpp)
C:\Users\mizuk\source\repos\MizukiTakanashi\Hew\DX21_default_class2\management_item.h(1,1): warning C4819: ファイルは、現在のコード ページ (932) で表示できない文字を含んでいます。データの損失を防ぐために、ファイルを Unicode 形式で保存してください。 (ソース ファイルをコンパイルしています stage_jupiter.cpp)
C:\Users\mizuk\source\repos\MizukiTakanashi\Hew\DX21_default_class2\item_p.h(1,1): warning C4819: ファイルは、現在のコード ページ (932) で表示できない文字を含んでいます。データの損失を防ぐために、ファイルを Unicode 形式で保存してください。 (ソース ファイルをコンパイルしています stage_jupiter.cpp)
C:\Users\mizuk\source\repos\MizukiTakanashi\Hew\DX21_default_class2\management_item.h(1,1): warning C4819: ファイルは、現在のコード ページ (932) で表示できない文字を含んでいます。データの損失を防ぐために、ファイルを Unicode 形式で保存してください。 (ソース ファイルをコンパイルしています stage_mars.cpp)
C:\Users\mizuk\source\repos\MizukiTakanashi\Hew\DX21_default_class2\item_p.h(1,1): warning C4819: ファイルは、現在のコード ページ (932) で表示できない文字を含んでいます。データの損失を防ぐために、ファイルを Unicode 形式で保存してください。 (ソース ファイルをコンパイルしています stage_mars.cpp)
C:\Users\mizuk\source\repos\MizukiTakanashi\Hew\DX21_default_class2\inh_enemy.h(1,1): warning C4819: ファイルは、現在のコード ページ (932) で表示できない文字を含んでいます。データの損失を防ぐために、ファイルを Unicode 形式で保存してください。 (ソース ファイルをコンパイルしています stage_jupiter.cpp)
C:\Users\mizuk\source\repos\MizukiTakanashi\Hew\DX21_default_class2\inh_enemy.h(1,1): warning C4819: ファイルは、現在のコード ページ (932) で表示できない文字を含んでいます。データの損失を防ぐために、ファイルを Unicode 形式で保存してください。 (ソース ファイルをコンパイルしています stage_mars.cpp)
C:\Users\mizuk\source\repos\MizukiTakanashi\Hew\DX21_default_class2\management_enemy.h(1,1): warning C4819: ファイルは、現在のコード ページ (932) で表示できない文字を含んでいます。データの損失を防ぐために、ファイルを Unicode 形式で保存してください。 (ソース ファイルをコンパイルしています stage_jupiter.cpp)
C:\Users\mizuk\source\repos\MizukiTakanashi\Hew\DX21_default_class2\management_enemy.h(1,1): warning C4819: ファイルは、現在のコード ページ (932) で表示できない文字を含んでいます。データの損失を防ぐために、ファイルを Unicode 形式で保存してください。 (ソース ファイルをコンパイルしています stage_mars.cpp)
C:\Users\mizuk\source\repos\MizukiTakanashi\Hew\DX21_default_class2\enemy_barrier.h(1,1): warning C4819: ファイルは、現在のコード ページ (932) で表示できない文字を含んでいます。データの損失を防ぐために、ファイルを Unicode 形式で保存してください。 (ソース ファイルをコンパイルしています scene.cpp)
C:\Users\mizuk\source\repos\MizukiTakanashi\Hew\DX21_default_class2\enemy_barrier.h(1,1): warning C4819: ファイルは、現在のコード ページ (932) で表示できない文字を含んでいます。データの損失を防ぐために、ファイルを Unicode 形式で保存してください。 (ソース ファイルをコンパイルしています stage_mars.cpp)
C:\Users\mizuk\source\repos\MizukiTakanashi\Hew\DX21_default_class2\management_enemy_laser.h(1,1): warning C4819: ファイルは、現在のコード ページ (932) で表示できない文字を含んでいます。データの損失を防ぐために、ファイルを Unicode 形式で保存してください。 (ソース ファイルをコンパイルしています stage_saturn.cpp)
C:\Users\mizuk\source\repos\MizukiTakanashi\Hew\DX21_default_class2\enemy_laser.h(1,1): warning C4819: ファイルは、現在のコード ページ (932) で表示できない文字を含んでいます。データの損失を防ぐために、ファイルを Unicode 形式で保存してください。 (ソース ファイルをコンパイルしています stage_saturn.cpp)
C:\Users\mizuk\source\repos\MizukiTakanashi\Hew\DX21_default_class2\management_enemy_laser.h(1,1): warning C4819: ファイルは、現在のコード ページ (932) で表示できない文字を含んでいます。データの損失を防ぐために、ファイルを Unicode 形式で保存してください。 (ソース ファイルをコンパイルしています stage_jupiter.cpp)
C:\Users\mizuk\source\repos\MizukiTakanashi\Hew\DX21_default_class2\enemy_laser.h(1,1): warning C4819: ファイルは、現在のコード ページ (932) で表示できない文字を含んでいます。データの損失を防ぐために、ファイルを Unicode 形式で保存してください。 (ソース ファイルをコンパイルしています stage_jupiter.cpp)
C:\Users\mizuk\source\repos\MizukiTakanashi\Hew\DX21_default_class2\enemy_barrier.h(1,1): warning C4819: ファイルは、現在のコード ページ (932) で表示できない文字を含んでいます。データの損失を防ぐために、ファイルを Unicode 形式で保存してください。 (ソース ファイルをコンパイルしています stage_jupiter.cpp)
C:\Users\mizuk\source\repos\MizukiTakanashi\Hew\DX21_default_class2\inh_player_arm_both.h(1,1): warning C4819: ファイルは、現在のコード ページ (932) で表示できない文字を含んでいます。データの損失を防ぐために、ファイルを Unicode 形式で保存してください。 (ソース ファイルをコンパイルしています text_management.cpp)
C:\Users\mizuk\source\repos\MizukiTakanashi\Hew\DX21_default_class2\inh_player_arm.h(1,1): warning C4819: ファイルは、現在のコード ページ (932) で表示できない文字を含んでいます。データの損失を防ぐために、ファイルを Unicode 形式で保存してください。 (ソース ファイルをコンパイルしています text_management.cpp)
C:\Users\mizuk\source\repos\MizukiTakanashi\Hew\DX21_default_class2\management_item.h(1,1): warning C4819: ファイルは、現在のコード ページ (932) で表示できない文字を含んでいます。データの損失を防ぐために、ファイルを Unicode 形式で保存してください。 (ソース ファイルをコンパイルしています text_management.cpp)
C:\Users\mizuk\source\repos\MizukiTakanashi\Hew\DX21_default_class2\item_p.h(1,1): warning C4819: ファイルは、現在のコード ページ (932) で表示できない文字を含んでいます。データの損失を防ぐために、ファイルを Unicode 形式で保存してください。 (ソース ファイルをコンパイルしています text_management.cpp)
C:\Users\mizuk\source\repos\MizukiTakanashi\Hew\DX21_default_class2\inh_enemy.h(1,1): warning C4819: ファイルは、現在のコード ページ (932) で表示できない文字を含んでいます。データの損失を防ぐために、ファイルを Unicode 形式で保存してください。 (ソース ファイルをコンパイルしています text_management.cpp)
C:\Users\mizuk\source\repos\MizukiTakanashi\Hew\DX21_default_class2\management_enemy.h(1,1): warning C4819: ファイルは、現在のコード ページ (932) で表示できない文字を含んでいます。データの損失を防ぐために、ファイルを Unicode 形式で保存してください。 (ソース ファイルをコンパイルしています text_management.cpp)
C:\Users\mizuk\source\repos\MizukiTakanashi\Hew\DX21_default_class2\management_enemy_laser.h(1,1): warning C4819: ファイルは、現在のコード ページ (932) で表示できない文字を含んでいます。データの損失を防ぐために、ファイルを Unicode 形式で保存してください。 (ソース ファイルをコンパイルしています text_management.cpp)
C:\Users\mizuk\source\repos\MizukiTakanashi\Hew\DX21_default_class2\enemy_laser.h(1,1): warning C4819: ファイルは、現在のコード ページ (932) で表示できない文字を含んでいます。データの損失を防ぐために、ファイルを Unicode 形式で保存してください。 (ソース ファイルをコンパイルしています text_management.cpp)
  コード生成しています。
  71 of 1047 functions ( 6.8%) were compiled, the rest were copied from previous compilation.
    1 functions were new in current compilation
    2 functions had inline decision re-evaluated but remain unchanged
  コード生成が終了しました。
  sample.vcxproj -> C:\Users\mizuk\source\repos\MizukiTakanashi\Hew\DX21_default_class2\Release\sample.exe
